#
# There is insufficient memory for the Java Runtime Environment to continue.
# Native memory allocation (mmap) failed to map 134217728 bytes for G1 virtual space
# Possible reasons:
#   The system is out of physical RAM or swap space
#   The process is running with CompressedOops enabled, and the Java Heap may be blocking the growth of the native heap
# Possible solutions:
#   Reduce memory load on the system
#   Increase physical memory or swap space
#   Check if swap backing store is full
#   Decrease Java heap size (-Xmx/-Xms)
#   Decrease number of Java threads
#   Decrease Java thread stack sizes (-Xss)
#   Set larger code cache with -XX:ReservedCodeCacheSize=
#   JVM is running with Unscaled Compressed Oops mode in which the Java heap is
#     placed in the first 4GB address space. The Java Heap base address is the
#     maximum limit for the native heap growth. Please use -XX:HeapBaseMinAddress
#     to set the Java Heap base and to place the Java Heap above 4GB virtual address.
# This output file may be truncated or incomplete.
#
#  Out of Memory Error (os_windows.cpp:3530), pid=10748, tid=5048
#
# JRE version:  (18.0.1+10) (build )
# Java VM: OpenJDK 64-Bit Server VM (18.0.1+10, mixed mode, sharing, tiered, compressed oops, compressed class ptrs, g1 gc, windows-amd64)
# No core dump will be written. Minidumps are not enabled by default on client versions of Windows
#

---------------  S U M M A R Y ------------

Command Line: -Dfile.encoding=UTF-8 --module-path=C:\Users\usuario\Desktop\ExerciciosGen\ExerciciosGen\eclipse-workspace\Turma54Aula01\bin -XX:+ShowCodeDetailsInExceptionMessages -Djdk.module.main=Turma54Aula01 Turma54Aula01/br.generation.aula01.teste

Host: Intel(R) Core(TM) i5-6200U CPU @ 2.30GHz, 4 cores, 7G,  Windows 10 , 64 bit Build 19041 (10.0.19041.1706)
Time: Mon Jun 13 18:56:02 2022 Hora oficial do Brasil elapsed time: 0.017380 seconds (0d 0h 0m 0s)

---------------  T H R E A D  ---------------

Current thread (0x000002b5ffb3f3f0):  JavaThread "Unknown thread" [_thread_in_vm, id=5048, stack(0x000000e30c800000,0x000000e30c900000)]

Stack: [0x000000e30c800000,0x000000e30c900000]
Native frames: (J=compiled Java code, j=interpreted, Vv=VM code, C=native code)
V  [jvm.dll+0x69cd4a]
V  [jvm.dll+0x84b63d]
V  [jvm.dll+0x84cf4e]
V  [jvm.dll+0x84d603]
V  [jvm.dll+0x25f19f]
V  [jvm.dll+0x699bb9]
V  [jvm.dll+0x68e6ea]
V  [jvm.dll+0x324e1b]
V  [jvm.dll+0x32c826]
V  [jvm.dll+0x38127e]
V  [jvm.dll+0x3814af]
V  [jvm.dll+0x2fcaba]
V  [jvm.dll+0x2fdb1d]
V  [jvm.dll+0x81a290]
V  [jvm.dll+0x38e611]
V  [jvm.dll+0x7f8f63]
V  [jvm.dll+0x41045f]
V  [jvm.dll+0x411f11]
C  [jli.dll+0x5267]
C  [ucrtbase.dll+0x21bb2]
C  [KERNEL32.DLL+0x17034]
C  [ntdll.dll+0x52651]


---------------  P R O C E S S  ---------------

Threads class SMR info:
_java_thread_list=0x00007ff9d553de10, length=0, elements={
}

Java Threads: ( => current thread )

Other Threads:
  0x000002b5ffba1080 WorkerThread "GC Thread#0" [stack: 0x000000e30c900000,0x000000e30ca00000] [id=11944]
  0x000002b5ffbb2320 ConcurrentGCThread "G1 Main Marker" [stack: 0x000000e30ca00000,0x000000e30cb00000] [id=12676]
  0x000002b5ffbb3c30 WorkerThread "G1 Conc#0" [stack: 0x000000e30cb00000,0x000000e30cc00000] [id=7388]

[error occurred during error reporting (printing all threads), id 0xc0000005, EXCEPTION_ACCESS_VIOLATION (0xc0000005) at pc=0x00007ff9d4cfd0e7]

VM state: not at safepoint (not fully initialized)

VM Mutex/Monitor currently owned by a thread:  ([mutex/lock_event])
[0x000002b5ffb28d60] Heap_lock - owner thread: 0x000002b5ffb3f3f0

Heap address: 0x0000000081a00000, size: 2022 MB, Compressed Oops mode: 32-bit

CDS archive(s) mapped at: [0x0000000000000000-0x0000000000000000-0x0000000000000000), size 0, SharedBaseAddress: 0x0000000800000000, ArchiveRelocationMode: 0.
Narrow klass base: 0x0000000000000000, Narrow klass shift: 0, Narrow klass range: 0x0

GC Precious Log:
 CardTable entry size: 512
 Card Set container configuration: InlinePtr #cards 5 size 8 Array Of Cards #cards 12 size 40 Howl #buckets 4 coarsen threshold 1843 Howl Bitmap #cards 512 size 80 coarsen threshold 460 Card regions per heap region 1 cards per card region 2048

Heap:
 garbage-first heap   total 0K, used 0K [0x0000000081a00000, 0x0000000100000000)
  region size 1024K, 0 young (0K), 0 survivors (0K)

[error occurred during error reporting (printing heap information), id 0xc0000005, EXCEPTION_ACCESS_VIOLATION (0xc0000005) at pc=0x00007ff9d50e5109]

GC Heap History (0 events):
No events

Deoptimization events (0 events):
No events

Classes loaded (0 events):
No events

Classes unloaded (0 events):
No events

Classes redefined (0 events):
No events

Internal exceptions (0 events):
No events

VM Operations (0 events):
No events

Events (1 events):
Event: 0.011 Loaded shared library C:\Users\usuario\.p2\pool\plugins\org.eclipse.justj.openjdk.hotspot.jre.full.win32.x86_64_18.0.1.v20220515-1614\jre\bin\java.dll


Dynamic libraries:
0x00007ff7209d0000 - 0x00007ff7209de000 	C:\Users\usuario\.p2\pool\plugins\org.eclipse.justj.openjdk.hotspot.jre.full.win32.x86_64_18.0.1.v20220515-1614\jre\bin\javaw.exe
0x00007ffa493f0000 - 0x00007ffa495e5000 	C:\Windows\SYSTEM32\ntdll.dll
0x00007ffa49070000 - 0x00007ffa4912d000 	C:\Windows\System32\KERNEL32.DLL
0x00007ffa47030000 - 0x00007ffa472fd000 	C:\Windows\System32\KERNELBASE.dll
0x00007ffa46b70000 - 0x00007ffa46c70000 	C:\Windows\System32\ucrtbase.dll
0x00007ffa3fe60000 - 0x00007ffa3fe77000 	C:\Users\usuario\.p2\pool\plugins\org.eclipse.justj.openjdk.hotspot.jre.full.win32.x86_64_18.0.1.v20220515-1614\jre\bin\jli.dll
0x00007ffa48300000 - 0x00007ffa484a0000 	C:\Windows\System32\USER32.dll
0x00007ffa46e00000 - 0x00007ffa46e22000 	C:\Windows\System32\win32u.dll
0x00007ffa49190000 - 0x00007ffa491ba000 	C:\Windows\System32\GDI32.dll
0x00007ffa47300000 - 0x00007ffa4740b000 	C:\Windows\System32\gdi32full.dll
0x00007ffa46e30000 - 0x00007ffa46ecd000 	C:\Windows\System32\msvcp_win.dll
0x00007ffa31150000 - 0x00007ffa313ea000 	C:\Windows\WinSxS\amd64_microsoft.windows.common-controls_6595b64144ccf1df_6.0.19041.1110_none_60b5254171f9507e\COMCTL32.dll
0x00007ffa48a70000 - 0x00007ffa48b0e000 	C:\Windows\System32\msvcrt.dll
0x00007ffa3fe40000 - 0x00007ffa3fe59000 	C:\Users\usuario\.p2\pool\plugins\org.eclipse.justj.openjdk.hotspot.jre.full.win32.x86_64_18.0.1.v20220515-1614\jre\bin\VCRUNTIME140.dll
0x00007ffa474f0000 - 0x00007ffa47520000 	C:\Windows\System32\IMM32.DLL
0x00007ffa3fde0000 - 0x00007ffa3fdec000 	C:\Users\usuario\.p2\pool\plugins\org.eclipse.justj.openjdk.hotspot.jre.full.win32.x86_64_18.0.1.v20220515-1614\jre\bin\vcruntime140_1.dll
0x00007ffa1d940000 - 0x00007ffa1d9d1000 	C:\Users\usuario\.p2\pool\plugins\org.eclipse.justj.openjdk.hotspot.jre.full.win32.x86_64_18.0.1.v20220515-1614\jre\bin\msvcp140.dll
0x00007ff9d49f0000 - 0x00007ff9d5679000 	C:\Users\usuario\.p2\pool\plugins\org.eclipse.justj.openjdk.hotspot.jre.full.win32.x86_64_18.0.1.v20220515-1614\jre\bin\server\jvm.dll
0x00007ffa485a0000 - 0x00007ffa4864e000 	C:\Windows\System32\ADVAPI32.dll
0x00007ffa484a0000 - 0x00007ffa4853c000 	C:\Windows\System32\sechost.dll
0x00007ffa48920000 - 0x00007ffa48a45000 	C:\Windows\System32\RPCRT4.dll
0x00007ffa48be0000 - 0x00007ffa48be8000 	C:\Windows\System32\PSAPI.DLL
0x00007ffa325f0000 - 0x00007ffa325f9000 	C:\Windows\SYSTEM32\WSOCK32.dll
0x00007ffa492e0000 - 0x00007ffa4934b000 	C:\Windows\System32\WS2_32.dll
0x00007ffa24da0000 - 0x00007ffa24dc7000 	C:\Windows\SYSTEM32\WINMM.dll
0x00007ffa3f4c0000 - 0x00007ffa3f4ca000 	C:\Windows\SYSTEM32\VERSION.dll
0x00007ffa45390000 - 0x00007ffa453a2000 	C:\Windows\SYSTEM32\kernel.appcore.dll
0x00007ffa42270000 - 0x00007ffa4227a000 	C:\Users\usuario\.p2\pool\plugins\org.eclipse.justj.openjdk.hotspot.jre.full.win32.x86_64_18.0.1.v20220515-1614\jre\bin\jimage.dll
0x00007ffa448f0000 - 0x00007ffa44ad4000 	C:\Windows\SYSTEM32\DBGHELP.DLL
0x00007ffa30110000 - 0x00007ffa3013c000 	C:\Windows\SYSTEM32\dbgcore.DLL
0x00007ffa46c70000 - 0x00007ffa46cf2000 	C:\Windows\System32\bcryptPrimitives.dll
0x00007ffa1d8d0000 - 0x00007ffa1d8f5000 	C:\Users\usuario\.p2\pool\plugins\org.eclipse.justj.openjdk.hotspot.jre.full.win32.x86_64_18.0.1.v20220515-1614\jre\bin\java.dll

dbghelp: loaded successfully - version: 4.0.5 - missing functions: none
symbol engine: initialized successfully - sym options: 0x614 - pdb path: .;C:\Users\usuario\.p2\pool\plugins\org.eclipse.justj.openjdk.hotspot.jre.full.win32.x86_64_18.0.1.v20220515-1614\jre\bin;C:\Windows\SYSTEM32;C:\Windows\WinSxS\amd64_microsoft.windows.common-controls_6595b64144ccf1df_6.0.19041.1110_none_60b5254171f9507e;C:\Users\usuario\.p2\pool\plugins\org.eclipse.justj.openjdk.hotspot.jre.full.win32.x86_64_18.0.1.v20220515-1614\jre\bin\server

VM Arguments:
jvm_args: -Dfile.encoding=UTF-8 --module-path=C:\Users\usuario\Desktop\ExerciciosGen\ExerciciosGen\eclipse-workspace\Turma54Aula01\bin -XX:+ShowCodeDetailsInExceptionMessages -Djdk.module.main=Turma54Aula01 
java_command: Turma54Aula01/br.generation.aula01.teste
java_class_path (initial): <not set>
Launcher Type: SUN_STANDARD

[Global flags]
     intx CICompilerCount                          = 3                                         {product} {ergonomic}
     uint ConcGCThreads                            = 1                                         {product} {ergonomic}
     uint G1ConcRefinementThreads                  = 4                                         {product} {ergonomic}
   size_t G1HeapRegionSize                         = 1048576                                   {product} {ergonomic}
    uintx GCDrainStackTargetSize                   = 64                                        {product} {ergonomic}
   size_t InitialHeapSize                          = 134217728                                 {product} {ergonomic}
   size_t MarkStackSize                            = 4194304                                   {product} {ergonomic}
   size_t MaxHeapSize                              = 2120220672                                {product} {ergonomic}
   size_t MinHeapDeltaBytes                        = 1048576                                   {product} {ergonomic}
   size_t MinHeapSize                              = 8388608                                   {product} {ergonomic}
    uintx NonNMethodCodeHeapSize                   = 5832780                                {pd product} {ergonomic}
    uintx NonProfiledCodeHeapSize                  = 122912730                              {pd product} {ergonomic}
    uintx ProfiledCodeHeapSize                     = 122912730                              {pd product} {ergonomic}
    uintx ReservedCodeCacheSize                    = 251658240                              {pd product} {ergonomic}
     bool SegmentedCodeCache                       = true                                      {product} {ergonomic}
     bool ShowCodeDetailsInExceptionMessages       = true                                   {manageable} {command line}
   size_t SoftMaxHeapSize                          = 2120220672                             {manageable} {ergonomic}
     bool UseCompressedClassPointers               = true                           {product lp64_product} {ergonomic}
     bool UseCompressedOops                        = true                           {product lp64_product} {ergonomic}
     bool UseG1GC                                  = true                                      {product} {ergonomic}
     bool UseLargePagesIndividualAllocation        = false                                  {pd product} {ergonomic}

Logging:
Log output configuration:
 #0: stdout all=warning uptime,level,tags foldmultilines=false
 #1: stderr all=off uptime,level,tags foldmultilines=false

Environment Variables:
JAVA_HOME=C\Program Files\Java\jdk1.7.0_45
PATH=C:/Users/usuario/.p2/pool/plugins/org.eclipse.justj.openjdk.hotspot.jre.full.win32.x86_64_18.0.1.v20220515-1614/jre/bin/server;C:/Users/usuario/.p2/pool/plugins/org.eclipse.justj.openjdk.hotspot.jre.full.win32.x86_64_18.0.1.v20220515-1614/jre/bin;C:\Program Files\Common Files\Oracle\Java\javapath;C:\Windows\system32;C:\Windows;C:\Windows\System32\Wbem;C:\Windows\System32\WindowsPowerShell\v1.0\;C:\Windows\System32\OpenSSH\;C:\ProgramData\UNIVALI\Portugol Studio;C\Program Files\Java\jdk1.7.0_45\bin;C:\Program Files (x86)\Intel\Intel(R) Management Engine Components\DAL;C:\Program Files\Intel\Intel(R) Management Engine Components\DAL;C:\Program Files\Microsoft SQL Server\Client SDK\ODBC\170\Tools\Binn\;C:\Program Files (x86)\Microsoft SQL Server\150\Tools\Binn\;C:\Program Files\Microsoft SQL Server\150\Tools\Binn\;C:\Program Files\Microsoft SQL Server\150\DTS\Binn\;C:\Program Files\Java\jdk.1.8.0_121\bin;C:\Program Files\nodejs\;C:\Program Files\Git\cmd;C:\Users\usuario\AppData\Local\Microsoft\WindowsApps;C:\Program Files\Azure Data Studio\bin;C:\Users\usuario\AppData\Local\Programs\Microsoft VS Code\bin;C:\Users\usuario\AppData\Roaming\npm;C:\Users\usuario\eclipse\java-2022-03\eclipse;
USERNAME=usuario
OS=Windows_NT
PROCESSOR_IDENTIFIER=Intel64 Family 6 Model 78 Stepping 3, GenuineIntel



---------------  S Y S T E M  ---------------

OS:
 Windows 10 , 64 bit Build 19041 (10.0.19041.1706)
OS uptime: 0 days 18:55 hours

CPU: total 4 (initial active 4) (2 cores per cpu, 2 threads per core) family 6 model 78 stepping 3 microcode 0xd6, cx8, cmov, fxsr, ht, mmx, 3dnowpref, sse, sse2, sse3, ssse3, sse4.1, sse4.2, popcnt, lzcnt, tsc, tscinvbit, avx, avx2, aes, erms, clmul, bmi1, bmi2, adx, fma, vzeroupper, clflush, clflushopt

Memory: 4k page, system-wide physical 8083M (1767M free)
TotalPageFile size 12179M (AvailPageFile size 50M)
current process WorkingSet (physical memory assigned to process): 10M, peak: 10M
current process commit charge ("private bytes"): 51M, peak: 179M

vm_info: OpenJDK 64-Bit Server VM (18.0.1+10) for windows-amd64 JRE (18.0.1+10), built on Apr 20 2022 05:04:48 by "" with MS VC++ 16.7 (VS2019)

END.
